\BOOKMARK [-1][-]{part.1}{I\040Introduzione}{}% 1
\BOOKMARK [0][-]{chapter.1}{Programma}{part.1}% 2
\BOOKMARK [1][-]{section.1.1}{Obiettivi}{chapter.1}% 3
\BOOKMARK [1][-]{section.1.2}{Come\040usare\040questo\040materiale}{chapter.1}% 4
\BOOKMARK [0][-]{chapter.2}{todo}{part.1}% 5
\BOOKMARK [1][-]{section.2.1}{Analisi\040di\040Fourier}{chapter.2}% 6
\BOOKMARK [-1][-]{part.2}{II\040Insiemistica\040e\040logica}{}% 7
\BOOKMARK [0][-]{chapter.3}{Insiemistica}{part.2}% 8
\BOOKMARK [1][-]{section.3.1}{}{chapter.3}% 9
\BOOKMARK [1][-]{section.3.2}{Funzioni}{chapter.3}% 10
\BOOKMARK [1][-]{section.3.3}{Algebra\040di\040insiemi}{chapter.3}% 11
\BOOKMARK [2][-]{subsection.3.3.1}{Immagine\040di\040una\040funzione}{section.3.3}% 12
\BOOKMARK [2][-]{subsection.3.3.2}{Nucleo\040di\040una\040funzione}{section.3.3}% 13
\BOOKMARK [1][-]{section.3.4}{Insiemi\040numerici}{chapter.3}% 14
\BOOKMARK [2][-]{subsection.3.4.1}{Numeri\040naturali,\040N}{section.3.4}% 15
\BOOKMARK [2][-]{subsection.3.4.2}{Numeri\040interi,\040Z}{section.3.4}% 16
\BOOKMARK [2][-]{subsection.3.4.3}{Numeri\040razionali,\040Q}{section.3.4}% 17
\BOOKMARK [2][-]{subsection.3.4.4}{Numeri\040reali,\040R}{section.3.4}% 18
\BOOKMARK [2][-]{subsection.3.4.5}{Numeri\040complessi,\040C}{section.3.4}% 19
\BOOKMARK [1][-]{section.3.5}{Insiemi\040numerici}{chapter.3}% 20
\BOOKMARK [2][-]{subsection.3.5.1}{Numeri\040naturali\040N}{section.3.5}% 21
\BOOKMARK [3][-]{subsubsection*.3}{Altre\040operazioni}{subsection.3.5.1}% 22
\BOOKMARK [4][-]{paragraph*.4}{Sottrazione}{subsubsection*.3}% 23
\BOOKMARK [4][-]{paragraph*.5}{Divisione}{subsubsection*.3}% 24
\BOOKMARK [4][-]{paragraph*.6}{Potenza}{subsubsection*.3}% 25
\BOOKMARK [2][-]{subsection.3.5.2}{Numeri\040interi\040Z}{section.3.5}% 26
\BOOKMARK [3][-]{subsubsection*.7}{Altre\040operazioni}{subsection.3.5.2}% 27
\BOOKMARK [4][-]{paragraph*.8}{Divisione}{subsubsection*.7}% 28
\BOOKMARK [4][-]{paragraph*.9}{Potenza}{subsubsection*.7}% 29
\BOOKMARK [2][-]{subsection.3.5.3}{Numeri\040razionali\040Q}{section.3.5}% 30
\BOOKMARK [3][-]{subsubsection*.10}{Rappresentazione\040decimale}{subsection.3.5.3}% 31
\BOOKMARK [3][-]{subsubsection*.11}{Operazioni}{subsection.3.5.3}% 32
\BOOKMARK [4][-]{paragraph*.12}{Potenza}{subsubsection*.11}% 33
\BOOKMARK [2][-]{subsection.3.5.4}{Numeri\040reali\040R}{section.3.5}% 34
\BOOKMARK [3][-]{subsubsection*.13}{Operazioni}{subsection.3.5.4}% 35
\BOOKMARK [2][-]{subsection.3.5.5}{Numeri\040complessi\040C}{section.3.5}% 36
\BOOKMARK [0][-]{chapter.4}{Logica}{part.2}% 37
\BOOKMARK [1][-]{section.4.1}{Argomenti …}{chapter.4}% 38
\BOOKMARK [2][-]{subsection.4.1.1}{Identità}{section.4.1}% 39
\BOOKMARK [2][-]{subsection.4.1.2}{Contraddizione}{section.4.1}% 40
\BOOKMARK [2][-]{subsection.4.1.3}{Sillogismo}{section.4.1}% 41
\BOOKMARK [-1][-]{part.3}{III\040Algebra}{}% 42
\BOOKMARK [0][-]{chapter.5}{Introduzione all’algebra}{part.3}% 43
\BOOKMARK [0][-]{chapter.6}{Algebra\040sui\040numeri\040reali}{part.3}% 44
\BOOKMARK [1][-]{section.6.1}{Operazioni}{chapter.6}% 45
\BOOKMARK [2][-]{subsection.6.1.1}{Potenze}{section.6.1}% 46
\BOOKMARK [2][-]{subsection.6.1.2}{Radice}{section.6.1}% 47
\BOOKMARK [2][-]{subsection.6.1.3}{Logaritmo}{section.6.1}% 48
\BOOKMARK [1][-]{section.6.2}{Polinomi}{chapter.6}% 49
\BOOKMARK [2][-]{subsection.6.2.1}{Frazioni\040algebriche}{section.6.2}% 50
\BOOKMARK [1][-]{section.6.3}{Problemi con un’incognita}{chapter.6}% 51
\BOOKMARK [2][-]{subsection.6.3.1}{Equazioni}{section.6.3}% 52
\BOOKMARK [3][-]{subsubsection*.14}{Equazioni\040di\040primo\040grado}{subsection.6.3.1}% 53
\BOOKMARK [3][-]{subsubsection*.15}{Equazioni\040di\040secondo\040grado}{subsection.6.3.1}% 54
\BOOKMARK [3][-]{subsubsection*.16}{Equazioni\040non\040lineari\040generali}{subsection.6.3.1}% 55
\BOOKMARK [2][-]{subsection.6.3.2}{Disequazioni}{section.6.3}% 56
\BOOKMARK [1][-]{section.6.4}{Rappresentazione grafica di un’equazione con due incognite}{chapter.6}% 57
\BOOKMARK [1][-]{section.6.5}{Problemi con due o più incognite - sistemi di equazioni e disequazioni}{chapter.6}% 58
\BOOKMARK [0][-]{chapter.7}{Algebra\040su\040Rn}{part.3}% 59
\BOOKMARK [1][-]{section.7.1}{Problemi}{chapter.7}% 60
\BOOKMARK [2][-]{subsection.7.1.1}{Forma\040generale}{section.7.1}% 61
\BOOKMARK [1][-]{section.7.2}{Problemi}{chapter.7}% 62
\BOOKMARK [2][-]{subsection.7.2.1}{Sistemi\040lineari\040di\040equazioni}{section.7.2}% 63
\BOOKMARK [2][-]{subsection.7.2.2}{Sistemi\040lineari\040di\040disequazioni}{section.7.2}% 64
\BOOKMARK [2][-]{subsection.7.2.3}{Sistemi\040di\040equazioni\040e\040disequazioni}{section.7.2}% 65
\BOOKMARK [2][-]{subsection.7.2.4}{Equazioni\040Quadratiche}{section.7.2}% 66
\BOOKMARK [2][-]{subsection.7.2.5}{Disequazioni\040Quadratiche}{section.7.2}% 67
\BOOKMARK [2][-]{subsection.7.2.6}{Problemi\040vari}{section.7.2}% 68
\BOOKMARK [0][-]{chapter.8}{Algebra\040lineare}{part.3}% 69
\BOOKMARK [1][-]{section.8.1}{Introduzione}{chapter.8}% 70
\BOOKMARK [1][-]{section.8.2}{Sistemi\040lineari\040e\040formalismo\040matriciale}{chapter.8}% 71
\BOOKMARK [1][-]{section.8.3}{Matrici}{chapter.8}% 72
\BOOKMARK [2][-]{subsection.8.3.1}{Inteprepretazione\040del\040contenuto\040di\040una\040matrice}{section.8.3}% 73
\BOOKMARK [2][-]{subsection.8.3.2}{Operazioni}{section.8.3}% 74
\BOOKMARK [2][-]{subsection.8.3.3}{Matrice\040come\040funzione\040lineare}{section.8.3}% 75
\BOOKMARK [2][-]{subsection.8.3.4}{Immagine\040e\040nucleo}{section.8.3}% 76
\BOOKMARK [2][-]{subsection.8.3.5}{Determinante}{section.8.3}% 77
\BOOKMARK [1][-]{section.8.4}{Risoluzione\040di\040Sistemi}{chapter.8}% 78
\BOOKMARK [2][-]{subsection.8.4.1}{Metodo\040di\040sostituzione}{section.8.4}% 79
\BOOKMARK [2][-]{subsection.8.4.2}{Metodo\040di\040eliminazione\040di\040Gauss}{section.8.4}% 80
\BOOKMARK [2][-]{subsection.8.4.3}{Metodo\040di\040Cramer}{section.8.4}% 81
\BOOKMARK [1][-]{section.8.5}{Teorema di Rouché-Capelli}{chapter.8}% 82
\BOOKMARK [2][-]{subsection.8.5.1}{Interpretazione\040geometrica}{section.8.5}% 83
\BOOKMARK [1][-]{section.8.6}{Problemi}{chapter.8}% 84
\BOOKMARK [2][-]{subsection.8.6.1}{Matrici\040come\040funzione\040lineare}{section.8.6}% 85
\BOOKMARK [2][-]{subsection.8.6.2}{Soluzione\040di\040sistemi\040lineari}{section.8.6}% 86
\BOOKMARK [0][-]{chapter.9}{Algebra\040vettoriale}{part.3}% 87
\BOOKMARK [1][-]{section.9.1}{Prime\040definizioni}{chapter.9}% 88
\BOOKMARK [2][-]{subsection.9.1.1}{Definizione\040di\040spazio\040vettoriale}{section.9.1}% 89
\BOOKMARK [3][-]{subsubsection*.25}{Operazioni\040sui\040vettori:\040definizione\040di\040spazio\040vettoriale}{subsection.9.1.1}% 90
\BOOKMARK [3][-]{subsubsection*.26}{Esempi}{subsection.9.1.1}% 91
\BOOKMARK [2][-]{subsection.9.1.2}{Base\040di\040uno\040spazio\040vettoriale}{section.9.1}% 92
\BOOKMARK [1][-]{section.9.2}{Spazio\040vettoriale\040euclideo}{chapter.9}% 93
\BOOKMARK [2][-]{subsection.9.2.1}{Prodotto\040interno\040e\040distanza}{section.9.2}% 94
\BOOKMARK [2][-]{subsection.9.2.2}{Prodotto\040vettoriale}{section.9.2}% 95
\BOOKMARK [2][-]{subsection.9.2.3}{Prodotto\040misto}{section.9.2}% 96
\BOOKMARK [2][-]{subsection.9.2.4}{Base\040cartesiana}{section.9.2}% 97
\BOOKMARK [0][-]{chapter.10}{Algebra\040complessa}{part.3}% 98
\BOOKMARK [0][-]{chapter.11}{Algebra\040di\040insiemi}{part.3}% 99
\BOOKMARK [-1][-]{part.4}{IV\040Geometria\040analitica}{}% 100
\BOOKMARK [0][-]{chapter.12}{Introduzione\040alla\040geometria\040analitica}{part.4}% 101
\BOOKMARK [0][-]{chapter.13}{Spazio\040euclideo}{part.4}% 102
\BOOKMARK [0][-]{chapter.14}{Geometria\040analitica\040nel\040piano}{part.4}% 103
\BOOKMARK [1][-]{section.14.1}{Sistemi\040di\040coordinate}{chapter.14}% 104
\BOOKMARK [2][-]{subsection.14.1.1}{Esempi}{section.14.1}% 105
\BOOKMARK [2][-]{subsection.14.1.2}{Trasformazione\040di\040coordinate}{section.14.1}% 106
\BOOKMARK [1][-]{section.14.2}{Distanze\040e\040angoli}{chapter.14}% 107
\BOOKMARK [2][-]{subsection.14.2.1}{Distanza\040tra\040punti}{section.14.2}% 108
\BOOKMARK [1][-]{section.14.3}{Curve\040nel\040piano}{chapter.14}% 109
\BOOKMARK [2][-]{subsection.14.3.1}{Rappresentazioni\040di\040una\040curva}{section.14.3}% 110
\BOOKMARK [2][-]{subsection.14.3.2}{Appartenenza\040di\040un\040punto\040a\040una\040curva}{section.14.3}% 111
\BOOKMARK [2][-]{subsection.14.3.3}{Interesezione\040di\040curve}{section.14.3}% 112
\BOOKMARK [2][-]{subsection.14.3.4}{Interpretazione\040grafica\040di\040equazioni,\040sistemi\040di\040equazioni\040e\040disequazioni}{section.14.3}% 113
\BOOKMARK [1][-]{section.14.4}{Rette\040nel\040piano}{chapter.14}% 114
\BOOKMARK [2][-]{subsection.14.4.1}{Definizioni\040ed\040equazione}{section.14.4}% 115
\BOOKMARK [2][-]{subsection.14.4.2}{Posizioni\040reciproche}{section.14.4}% 116
\BOOKMARK [3][-]{subsubsection*.28}{Posizione\040reciproca\040di\040punto\040e\040retta}{subsection.14.4.2}% 117
\BOOKMARK [3][-]{subsubsection*.29}{Posizione\040reciproca\040di\040rette}{subsection.14.4.2}% 118
\BOOKMARK [4][-]{paragraph*.30}{Rette\040coincidenti}{subsubsection*.29}% 119
\BOOKMARK [4][-]{paragraph*.31}{Rette\040parallele\040nel\040piano}{subsubsection*.29}% 120
\BOOKMARK [4][-]{paragraph*.32}{Rette\040incidenti}{subsubsection*.29}% 121
\BOOKMARK [4][-]{paragraph*.33}{Rette\040incidenti\040perpendicolari}{subsubsection*.29}% 122
\BOOKMARK [2][-]{subsection.14.4.3}{Distanza\040punto-retta}{section.14.4}% 123
\BOOKMARK [1][-]{section.14.5}{Coniche}{chapter.14}% 124
\BOOKMARK [2][-]{subsection.14.5.1}{Forma\040canonica\040in\040coordinate\040cartesiane}{section.14.5}% 125
\BOOKMARK [3][-]{subsubsection*.34}{Circonferenza}{subsection.14.5.1}% 126
\BOOKMARK [3][-]{subsubsection*.35}{Parabola}{subsection.14.5.1}% 127
\BOOKMARK [3][-]{subsubsection*.36}{Ellisse}{subsection.14.5.1}% 128
\BOOKMARK [3][-]{subsubsection*.37}{Iperbole}{subsection.14.5.1}% 129
\BOOKMARK [2][-]{subsection.14.5.2}{Forma\040canonica\040in\040coordinate\040polari}{section.14.5}% 130
\BOOKMARK [2][-]{subsection.14.5.3}{Equazione\040generale\040delle\040coniche}{section.14.5}% 131
\BOOKMARK [2][-]{subsection.14.5.4}{Coniche\040e\040forme\040quadratiche\040simmetriche}{section.14.5}% 132
\BOOKMARK [3][-]{subsubsection*.38}{Esercizi}{subsection.14.5.4}% 133
\BOOKMARK [1][-]{section.14.6}{Problemi}{chapter.14}% 134
\BOOKMARK [2][-]{subsection.14.6.1}{Punti\040e\040Distanze}{section.14.6}% 135
\BOOKMARK [2][-]{subsection.14.6.2}{Retta}{section.14.6}% 136
\BOOKMARK [2][-]{subsection.14.6.3}{Coniche}{section.14.6}% 137
\BOOKMARK [2][-]{subsection.14.6.4}{Posizioni\040Relative}{section.14.6}% 138
\BOOKMARK [2][-]{subsection.14.6.5}{Problemi\040Parametrici}{section.14.6}% 139
\BOOKMARK [2][-]{subsection.14.6.6}{Altri\040Problemi}{section.14.6}% 140
\BOOKMARK [1][-]{section.14.7}{Soluzioni}{chapter.14}% 141
\BOOKMARK [2][-]{subsection.14.7.1}{Punti\040e\040Distanze}{section.14.7}% 142
\BOOKMARK [2][-]{subsection.14.7.2}{Retta}{section.14.7}% 143
\BOOKMARK [2][-]{subsection.14.7.3}{Coniche}{section.14.7}% 144
\BOOKMARK [2][-]{subsection.14.7.4}{Posizioni\040Relative}{section.14.7}% 145
\BOOKMARK [2][-]{subsection.14.7.5}{Problemi\040Parametrici}{section.14.7}% 146
\BOOKMARK [2][-]{subsection.14.7.6}{Altri\040Problemi}{section.14.7}% 147
\BOOKMARK [1][-]{section.14.8}{Note\040e\040dimostrazioni}{chapter.14}% 148
\BOOKMARK [2][-]{subsection.14.8.1}{Coniche}{section.14.8}% 149
\BOOKMARK [3][-]{subsubsection*.99}{Sezioni\040di\040cono}{subsection.14.8.1}% 150
\BOOKMARK [3][-]{subsubsection*.100}{Proprietà ottiche}{subsection.14.8.1}% 151
\BOOKMARK [0][-]{chapter.15}{Geometria\040analitica\040nello\040spazio}{part.4}% 152
\BOOKMARK [1][-]{section.15.1}{Sistemi\040di\040coordinate\040per\040lo\040spazio\040euclideo\040E3}{chapter.15}% 153
\BOOKMARK [2][-]{subsection.15.1.1}{Coordinate\040cartesiane}{section.15.1}% 154
\BOOKMARK [3][-]{subsubsection*.101}{Distanza\040punto-punto}{subsection.15.1.1}% 155
\BOOKMARK [2][-]{subsection.15.1.2}{Coordinate\040cilindriche}{section.15.1}% 156
\BOOKMARK [2][-]{subsection.15.1.3}{Coordinate\040sferiche}{section.15.1}% 157
\BOOKMARK [1][-]{section.15.2}{Piani\040nello\040spazio}{chapter.15}% 158
\BOOKMARK [2][-]{subsection.15.2.1}{Definizioni\040ed\040equazione}{section.15.2}% 159
\BOOKMARK [2][-]{subsection.15.2.2}{Posizioni\040reciproche}{section.15.2}% 160
\BOOKMARK [3][-]{subsubsection*.102}{Posizione\040reciproca\040di\040punto\040e\040piano}{subsection.15.2.2}% 161
\BOOKMARK [3][-]{subsubsection*.103}{Posizione\040reciproca\040di\040piani}{subsection.15.2.2}% 162
\BOOKMARK [1][-]{section.15.3}{Curve\040nello\040spazio}{chapter.15}% 163
\BOOKMARK [1][-]{section.15.4}{Rette\040nello\040spazio}{chapter.15}% 164
\BOOKMARK [2][-]{subsection.15.4.1}{Definizione\040ed\040equazione}{section.15.4}% 165
\BOOKMARK [2][-]{subsection.15.4.2}{Posizioni\040reciproche}{section.15.4}% 166
\BOOKMARK [3][-]{subsubsection*.104}{Posizione\040reciproca\040di\040punto\040e\040retta}{subsection.15.4.2}% 167
\BOOKMARK [4][-]{paragraph*.105}{Distanza\040punto-retta}{subsubsection*.104}% 168
\BOOKMARK [3][-]{subsubsection*.106}{Posizione\040reciproca\040retta\040e\040piano}{subsection.15.4.2}% 169
\BOOKMARK [3][-]{subsubsection*.107}{Posizione\040reciproca\040tra\040rette}{subsection.15.4.2}% 170
\BOOKMARK [1][-]{section.15.5}{Cono\040circolare\040retto\040e\040coniche}{chapter.15}% 171
\BOOKMARK [2][-]{subsection.15.5.1}{Equazione\040del\040cono}{section.15.5}% 172
\BOOKMARK [2][-]{subsection.15.5.2}{Coniche:\040intersezione\040tra\040cono\040e\040piano}{section.15.5}% 173
\BOOKMARK [-1][-]{part.5}{V\040Precalcolo}{}% 174
\BOOKMARK [0][-]{chapter.16}{Introduzione\040al\040pre-calcolo}{part.5}% 175
\BOOKMARK [0][-]{chapter.17}{Funzioni reali a variabile reale, f: D ⊆R →R}{part.5}% 176
\BOOKMARK [1][-]{section.17.1}{Grafico\040di\040una\040funzione}{chapter.17}% 177
\BOOKMARK [1][-]{section.17.2}{Classificazione\040di\040funzioni}{chapter.17}% 178
\BOOKMARK [1][-]{section.17.3}{Funzioni\040composte}{chapter.17}% 179
\BOOKMARK [1][-]{section.17.4}{Funzioni\040invertibili\040e\040inverse}{chapter.17}% 180
\BOOKMARK [1][-]{section.17.5}{Problemi}{chapter.17}% 181
\BOOKMARK [0][-]{chapter.18}{Serie\040e\040successioni}{part.5}% 182
\BOOKMARK [1][-]{section.18.1}{Successioni\040di\040numeri\040reali}{chapter.18}% 183
\BOOKMARK [2][-]{subsection.18.1.1}{Proprietà}{section.18.1}% 184
\BOOKMARK [2][-]{subsection.18.1.2}{Operazioni\040con\040successioni}{section.18.1}% 185
\BOOKMARK [2][-]{subsection.18.1.3}{Confronto\040tra\040successioni}{section.18.1}% 186
\BOOKMARK [2][-]{subsection.18.1.4}{Criteri\040di\040convergenza}{section.18.1}% 187
\BOOKMARK [1][-]{section.18.2}{Serie\040di\040numeri\040reali}{chapter.18}% 188
\BOOKMARK [2][-]{subsection.18.2.1}{Criteri\040di\040convergenza}{section.18.2}% 189
\BOOKMARK [3][-]{subsubsection*.109}{Serie\040a\040termini\040concordi}{subsection.18.2.1}% 190
\BOOKMARK [3][-]{subsubsection*.110}{Serie\040a\040termini\040discordi}{subsection.18.2.1}% 191
\BOOKMARK [2][-]{subsection.18.2.2}{Esempi}{section.18.2}% 192
\BOOKMARK [1][-]{section.18.3}{Successioni\040di\040funzioni\040reali}{chapter.18}% 193
\BOOKMARK [2][-]{subsection.18.3.1}{Convergenza}{section.18.3}% 194
\BOOKMARK [3][-]{subsubsection*.111}{Convergenza\040puntuale}{subsection.18.3.1}% 195
\BOOKMARK [3][-]{subsubsection*.112}{Convergenza\040uniforme}{subsection.18.3.1}% 196
\BOOKMARK [1][-]{section.18.4}{Serie\040di\040funzioni\040reali}{chapter.18}% 197
\BOOKMARK [2][-]{subsection.18.4.1}{Serie\040polinomiali}{section.18.4}% 198
\BOOKMARK [1][-]{section.18.5}{Successioni\040di\040numeri\040complessi}{chapter.18}% 199
\BOOKMARK [1][-]{section.18.6}{Serie\040di\040numeri\040complessi}{chapter.18}% 200
\BOOKMARK [1][-]{section.18.7}{Successioni\040di\040funzioni\040complesse}{chapter.18}% 201
\BOOKMARK [1][-]{section.18.8}{Serie\040di\040funzioni\040complesse}{chapter.18}% 202
\BOOKMARK [0][-]{chapter.19}{Equazioni\040alle\040differenze}{part.5}% 203
\BOOKMARK [1][-]{section.19.1}{Prime\040definizioni}{chapter.19}% 204
\BOOKMARK [1][-]{section.19.2}{Classificazione,\040esempi\040e\040tecniche\040risolutive}{chapter.19}% 205
\BOOKMARK [2][-]{subsection.19.2.1}{Equazioni\040lineari\040a\040coefficienti\040constanti}{section.19.2}% 206
\BOOKMARK [3][-]{subsubsection*.115}{Examples}{subsection.19.2.1}% 207
\BOOKMARK [0][-]{chapter.20}{Trigonometria\040e\040funzioni\040trigonometriche\040-\040o\040armoniche}{part.5}% 208
\BOOKMARK [1][-]{section.20.1}{Definizione\040delle\040funzioni\040trigonometriche\040e\040relazione\040fondamentale}{chapter.20}% 209
\BOOKMARK [2][-]{subsection.20.1.1}{Seno\040e\040coseno}{section.20.1}% 210
\BOOKMARK [2][-]{subsection.20.1.2}{Relazione\040fondamentale\040della\040trignometria}{section.20.1}% 211
\BOOKMARK [2][-]{subsection.20.1.3}{Altre\040funzioni\040trigonometriche}{section.20.1}% 212
\BOOKMARK [1][-]{section.20.2}{Angoli particolari e proprietà}{chapter.20}% 213
\BOOKMARK [1][-]{section.20.3}{Formule\040di\040somma\040e\040sottrazione}{chapter.20}% 214
\BOOKMARK [1][-]{section.20.4}{Werner}{chapter.20}% 215
\BOOKMARK [1][-]{section.20.5}{Prostaferesi}{chapter.20}% 216
\BOOKMARK [1][-]{section.20.6}{Applicazioni\040utili\040e\040frequenti}{chapter.20}% 217
\BOOKMARK [2][-]{subsection.20.6.1}{Combinazione\040lineare\040di\040seno\040e\040coseno\040con\040stesso\040argomento}{section.20.6}% 218
\BOOKMARK [2][-]{subsection.20.6.2}{}{section.20.6}% 219
\BOOKMARK [0][-]{chapter.21}{Esponenziale\040e\040logaritmo}{part.5}% 220
\BOOKMARK [1][-]{section.21.1}{Funzione\040esponenziale\040e\040logaritmo\040di\040variabile\040reale}{chapter.21}% 221
\BOOKMARK [2][-]{subsection.21.1.1}{Funzione\040esponenziale,\040ax}{section.21.1}% 222
\BOOKMARK [2][-]{subsection.21.1.2}{Funzione\040esponenziale,\040ex}{section.21.1}% 223
\BOOKMARK [2][-]{subsection.21.1.3}{Funzione\040logaritmo\040naturale,\040ln\040\040x}{section.21.1}% 224
\BOOKMARK [2][-]{subsection.21.1.4}{Funzioni\040iperboliche}{section.21.1}% 225
\BOOKMARK [1][-]{section.21.2}{Problemi}{chapter.21}% 226
\BOOKMARK [1][-]{section.21.3}{Soluzioni}{chapter.21}% 227
\BOOKMARK [1][-]{section.21.4}{Note\040e\040dimostrazioni}{chapter.21}% 228
\BOOKMARK [2][-]{subsection.21.4.1}{Funzione\040esponenziale}{section.21.4}% 229
\BOOKMARK [3][-]{subsubsection*.117}{Convergenza della serie di funzioni ∑n=0∞ xnn! in ogni intervallo limitato}{subsection.21.4.1}% 230
\BOOKMARK [3][-]{subsubsection*.118}{Equivalenza\040delle\040due\040definizioni}{subsection.21.4.1}% 231
\BOOKMARK [3][-]{subsubsection*.119}{Giustificazione\040della\040notazione\040\040ex}{subsection.21.4.1}% 232
\BOOKMARK [2][-]{subsection.21.4.2}{Funzioni\040iperboliche}{section.21.4}% 233
\BOOKMARK [0][-]{chapter.22}{Polinomi}{part.5}% 234
\BOOKMARK [1][-]{section.22.1}{Fattorizzazione}{chapter.22}% 235
\BOOKMARK [2][-]{subsection.22.1.1}{Teorema fondamentale dell’algebra}{section.22.1}% 236
\BOOKMARK [2][-]{subsection.22.1.2}{In\040campo\040reale}{section.22.1}% 237
\BOOKMARK [2][-]{subsection.22.1.3}{In\040campo\040complesso}{section.22.1}% 238
\BOOKMARK [3][-]{subsubsection*.120}{Esempio}{subsection.22.1.3}% 239
\BOOKMARK [1][-]{section.22.2}{Teorema\040binomiale}{chapter.22}% 240
\BOOKMARK [0][-]{chapter.23}{Funzioni\040multi-variabile}{part.5}% 241
\BOOKMARK [0][-]{chapter.24}{Algebra\040complessa}{part.5}% 242
\BOOKMARK [1][-]{section.24.1}{Definizioni}{chapter.24}% 243
\BOOKMARK [1][-]{section.24.2}{Operazioni\040con\040i\040numeri\040complessi\040-\040in\040forma\040cartesiana}{chapter.24}% 244
\BOOKMARK [1][-]{section.24.3}{Formula\040di\040de\040Moivre,\040esponenziale\040complesso\040e\040formula\040di\040Eulero}{chapter.24}% 245
\BOOKMARK [1][-]{section.24.4}{Rappresentazione\040dei\040numeri\040complessi\040nel\040piano\040complesso\040\(Argand-Gauss\)}{chapter.24}% 246
\BOOKMARK [1][-]{section.24.5}{Operazioni\040con\040i\040numeri\040complessi}{chapter.24}% 247
\BOOKMARK [2][-]{subsection.24.5.1}{Somma\040e\040prodotto}{section.24.5}% 248
\BOOKMARK [2][-]{subsection.24.5.2}{Complesso\040coniugato\040e\040modulo}{section.24.5}% 249
\BOOKMARK [2][-]{subsection.24.5.3}{Potenze\040e\040radici}{section.24.5}% 250
\BOOKMARK [3][-]{subsubsection*.122}{Potenza intera, p ∈Z.}{subsection.24.5.3}% 251
\BOOKMARK [3][-]{subsubsection*.123}{Radici o potenza 1p,  p ∈Z}{subsection.24.5.3}% 252
\BOOKMARK [3][-]{subsubsection*.124}{Potenza\040razionale}{subsection.24.5.3}% 253
\BOOKMARK [2][-]{subsection.24.5.4}{Altre\040operazioni}{section.24.5}% 254
\BOOKMARK [1][-]{section.24.6}{Teorema fondamentale dell’algebra}{chapter.24}% 255
\BOOKMARK [1][-]{section.24.7}{Numeri\040complessi\040e\040geometria\040nel\040piano\040euclideo}{chapter.24}% 256
\BOOKMARK [2][-]{subsection.24.7.1}{Posizione\040di\040un\040punto\040nel\040piano}{section.24.7}% 257
\BOOKMARK [2][-]{subsection.24.7.2}{Distanza\040tra\040punti}{section.24.7}% 258
\BOOKMARK [2][-]{subsection.24.7.3}{Curva\040nel\040piano}{section.24.7}% 259
\BOOKMARK [2][-]{subsection.24.7.4}{Intersezioni\040di\040curve}{section.24.7}% 260
\BOOKMARK [2][-]{subsection.24.7.5}{Retta\040nel\040piano}{section.24.7}% 261
\BOOKMARK [2][-]{subsection.24.7.6}{Posizioni\040reciproche\040rette,\040distanza\040punto-retta,\040coniche\040ed\040altro}{section.24.7}% 262
\BOOKMARK [1][-]{section.24.8}{Equazioni\040e\040disequazioni\040con\040i\040numeri\040complessi}{chapter.24}% 263
\BOOKMARK [1][-]{section.24.9}{Cenni\040di\040analisi\040di\040Fourier}{chapter.24}% 264
\BOOKMARK [1][-]{section.24.10}{Problemi}{chapter.24}% 265
\BOOKMARK [2][-]{subsection.24.10.1}{Definizioni}{section.24.10}% 266
\BOOKMARK [2][-]{subsection.24.10.2}{Rappresentazione\040dei\040numeri\040complessi\040nel\040piano\040complesso\040\(Argand-Gauss\)}{section.24.10}% 267
\BOOKMARK [2][-]{subsection.24.10.3}{Operazioni\040con\040i\040numeri\040complessi}{section.24.10}% 268
\BOOKMARK [2][-]{subsection.24.10.4}{Teorema fondamentale dell’algebra}{section.24.10}% 269
\BOOKMARK [2][-]{subsection.24.10.5}{Numeri\040complessi\040e\040geometria\040nel\040piano\040euclideo}{section.24.10}% 270
\BOOKMARK [2][-]{subsection.24.10.6}{Equazioni\040e\040disequazioni\040con\040i\040numeri\040complessi}{section.24.10}% 271
\BOOKMARK [3][-]{subsubsection*.129}{Equazioni}{subsection.24.10.6}% 272
\BOOKMARK [3][-]{subsubsection*.131}{Disequazioni}{subsection.24.10.6}% 273
\BOOKMARK [3][-]{subsubsection*.133}{Sistemi\040di\040equazioni}{subsection.24.10.6}% 274
\BOOKMARK [1][-]{section.24.11}{Problemi\040-\040soluzioni}{chapter.24}% 275
\BOOKMARK [2][-]{subsection.24.11.1}{Definizioni}{section.24.11}% 276
\BOOKMARK [2][-]{subsection.24.11.2}{Rappresentazione\040dei\040numeri\040complessi\040nel\040piano\040complesso\040\(Argand-Gauss\)}{section.24.11}% 277
\BOOKMARK [2][-]{subsection.24.11.3}{Operazioni\040con\040i\040numeri\040complessi}{section.24.11}% 278
\BOOKMARK [2][-]{subsection.24.11.4}{Teorema fondamentale dell’algebra}{section.24.11}% 279
\BOOKMARK [2][-]{subsection.24.11.5}{Numeri\040complessi\040e\040geometria\040nel\040piano\040euclideo}{section.24.11}% 280
\BOOKMARK [2][-]{subsection.24.11.6}{Equazioni\040e\040disequazioni\040con\040i\040numeri\040complessi}{section.24.11}% 281
\BOOKMARK [3][-]{subsubsection*.135}{Equazioni}{subsection.24.11.6}% 282
\BOOKMARK [3][-]{subsubsection*.136}{Disequazioni}{subsection.24.11.6}% 283
\BOOKMARK [3][-]{subsubsection*.137}{Sistemi}{subsection.24.11.6}% 284
\BOOKMARK [1][-]{section.24.12}{Note\040e\040dimostrazioni}{chapter.24}% 285
\BOOKMARK [2][-]{subsection.24.12.1}{Formula\040di\040de\040Moivre}{section.24.12}% 286
\BOOKMARK [2][-]{subsection.24.12.2}{Esponenziale\040complesso}{section.24.12}% 287
\BOOKMARK [2][-]{subsection.24.12.3}{Formula\040di\040Eulero}{section.24.12}% 288
\BOOKMARK [2][-]{subsection.24.12.4}{Altre\040operazioni\040e\040funzioni\040a\040variabile\040complessa}{section.24.12}% 289
\BOOKMARK [3][-]{subsubsection*.138}{Potenza}{subsection.24.12.4}% 290
\BOOKMARK [3][-]{subsubsection*.139}{Esponenziale}{subsection.24.12.4}% 291
\BOOKMARK [3][-]{subsubsection*.140}{Logaritmo}{subsection.24.12.4}% 292
\BOOKMARK [-1][-]{part.6}{VI\040Calcolo}{}% 293
\BOOKMARK [0][-]{chapter.25}{Introduzione\040al\040calcolo}{part.6}% 294
\BOOKMARK [0][-]{chapter.26}{Introduzione all’analisi}{part.6}% 295
\BOOKMARK [1][-]{section.26.1}{Funzioni reali a variabile reale, f: R →R}{chapter.26}% 296
\BOOKMARK [1][-]{section.26.2}{Limiti}{chapter.26}% 297
\BOOKMARK [2][-]{subsection.26.2.1}{Cenni\040di\040topologia\040per\040il\040calcolo}{section.26.2}% 298
\BOOKMARK [3][-]{subsubsection*.141}{Intervalli}{subsection.26.2.1}% 299
\BOOKMARK [2][-]{subsection.26.2.2}{Definizione\040di\040limite}{section.26.2}% 300
\BOOKMARK [1][-]{section.26.3}{Funzioni\040continue}{chapter.26}% 301
\BOOKMARK [2][-]{subsection.26.3.1}{Definizione}{section.26.3}% 302
\BOOKMARK [2][-]{subsection.26.3.2}{Punti di discontinuità}{section.26.3}% 303
\BOOKMARK [2][-]{subsection.26.3.3}{Teoremi}{section.26.3}% 304
\BOOKMARK [3][-]{subsubsection*.142}{Teorema\040di\040Weierstrass}{subsection.26.3.3}% 305
\BOOKMARK [3][-]{subsubsection*.143}{Teorema\040della\040permanenza\040del\040segno}{subsection.26.3.3}% 306
\BOOKMARK [3][-]{subsubsection*.144}{Teorema\040degli\040zeri}{subsection.26.3.3}% 307
\BOOKMARK [3][-]{subsubsection*.145}{Teorema\040dei\040valori\040intermedi}{subsection.26.3.3}% 308
\BOOKMARK [1][-]{section.26.4}{Operazioni\040e\040teoremi\040sui\040limiti}{chapter.26}% 309
\BOOKMARK [2][-]{subsection.26.4.1}{Operazioni\040coi\040limiti}{section.26.4}% 310
\BOOKMARK [3][-]{subsubsection*.146}{Limiti\040infiniti\040e\040infinitesimi}{subsection.26.4.1}% 311
\BOOKMARK [3][-]{subsubsection*.147}{Forme\040indeterminate}{subsection.26.4.1}% 312
\BOOKMARK [2][-]{subsection.26.4.2}{Teorema\040del\040confronto}{section.26.4}% 313
\BOOKMARK [2][-]{subsection.26.4.3}{Teorema di de l’Hopital}{section.26.4}% 314
\BOOKMARK [1][-]{section.26.5}{Limiti\040fondamentali}{chapter.26}% 315
\BOOKMARK [1][-]{section.26.6}{Confronto\040di\040infiniti\040e\040infinitesimi}{chapter.26}% 316
\BOOKMARK [2][-]{subsection.26.6.1}{Calcolo\040dei\040limiti\040con\040sostituzione\040degli\040infinitesimi\040o\040degli\040infiniti}{section.26.6}% 317
\BOOKMARK [1][-]{section.26.7}{Calcolo\040dei\040limiti}{chapter.26}% 318
\BOOKMARK [1][-]{section.26.8}{Applicazioni}{chapter.26}% 319
\BOOKMARK [2][-]{subsection.26.8.1}{Studio\040di\040funzione}{section.26.8}% 320
\BOOKMARK [2][-]{subsection.26.8.2}{Metodo\040di\040bisezione\040per\040la\040soluzione\040di\040equazioni\040algebriche\040f\(x\)\040=\0400}{section.26.8}% 321
\BOOKMARK [1][-]{section.26.9}{Problemi}{chapter.26}% 322
\BOOKMARK [2][-]{subsection.26.9.1}{Limiti}{section.26.9}% 323
\BOOKMARK [2][-]{subsection.26.9.2}{Studio di funzione: dominio, continuità e limiti}{section.26.9}% 324
\BOOKMARK [2][-]{subsection.26.9.3}{Metodo\040di\040bisezione}{section.26.9}% 325
\BOOKMARK [1][-]{section.26.10}{Note\040e\040dimostrazioni}{chapter.26}% 326
\BOOKMARK [2][-]{subsection.26.10.1}{Funzioni reali a variabile reale, f: R →R}{section.26.10}% 327
\BOOKMARK [2][-]{subsection.26.10.2}{Limiti}{section.26.10}% 328
\BOOKMARK [2][-]{subsection.26.10.3}{Funzioni continue, f ∈C0}{section.26.10}% 329
\BOOKMARK [2][-]{subsection.26.10.4}{Operazioni\040e\040teoremi\040sui\040limiti}{section.26.10}% 330
\BOOKMARK [2][-]{subsection.26.10.5}{Contronto\040di\040infiniti\040e\040infinitesimi}{section.26.10}% 331
\BOOKMARK [2][-]{subsection.26.10.6}{Limiti\040fondamentali}{section.26.10}% 332
\BOOKMARK [0][-]{chapter.27}{Derivate}{part.6}% 333
\BOOKMARK [1][-]{section.27.1}{Definizione}{chapter.27}% 334
\BOOKMARK [1][-]{section.27.2}{Interpretazione\040geometrica}{chapter.27}% 335
\BOOKMARK [1][-]{section.27.3}{Incremento\040di\040una\040funzione\040e\040differenziale}{chapter.27}% 336
\BOOKMARK [1][-]{section.27.4}{Regole\040di\040derivazione}{chapter.27}% 337
\BOOKMARK [1][-]{section.27.5}{Teoremi}{chapter.27}% 338
\BOOKMARK [2][-]{subsection.27.5.1}{Teorema\040di\040Fermat}{section.27.5}% 339
\BOOKMARK [2][-]{subsection.27.5.2}{Teorema\040di\040Rolle}{section.27.5}% 340
\BOOKMARK [2][-]{subsection.27.5.3}{Teorema\040di\040Cauchy}{section.27.5}% 341
\BOOKMARK [2][-]{subsection.27.5.4}{Teorema\040di\040Lagrange}{section.27.5}% 342
\BOOKMARK [2][-]{subsection.27.5.5}{Teorema di de l’Hopital}{section.27.5}% 343
\BOOKMARK [1][-]{section.27.6}{Derivate\040fondamentali}{chapter.27}% 344
\BOOKMARK [1][-]{section.27.7}{Derivate\040di\040ordine\040superiore}{chapter.27}% 345
\BOOKMARK [1][-]{section.27.8}{Serie\040di\040Taylor\040e\040MacLaurin}{chapter.27}% 346
\BOOKMARK [2][-]{subsection.27.8.1}{Esempi}{section.27.8}% 347
\BOOKMARK [1][-]{section.27.9}{Applicazioni}{chapter.27}% 348
\BOOKMARK [2][-]{subsection.27.9.1}{Approssimazioni\040locali}{section.27.9}% 349
\BOOKMARK [2][-]{subsection.27.9.2}{Studio\040di\040funzione}{section.27.9}% 350
\BOOKMARK [2][-]{subsection.27.9.3}{Ottimizzazione}{section.27.9}% 351
\BOOKMARK [2][-]{subsection.27.9.4}{Metodo\040di\040Netwon\040per\040la\040soluzione\040di\040equazioni\040algebriche\040f\(x\)\040=\0400}{section.27.9}% 352
\BOOKMARK [1][-]{section.27.10}{Problemi}{chapter.27}% 353
\BOOKMARK [2][-]{subsection.27.10.1}{Calcolo\040derivate}{section.27.10}% 354
\BOOKMARK [2][-]{subsection.27.10.2}{Serie\040di\040Taylor}{section.27.10}% 355
\BOOKMARK [2][-]{subsection.27.10.3}{Problemi\040di\040geometria}{section.27.10}% 356
\BOOKMARK [2][-]{subsection.27.10.4}{Studio di funzione: massimi, minimi e flessi; concavità}{section.27.10}% 357
\BOOKMARK [2][-]{subsection.27.10.5}{Problemi\040di\040ottimizzazione}{section.27.10}% 358
\BOOKMARK [2][-]{subsection.27.10.6}{Metodo\040di\040Newton}{section.27.10}% 359
\BOOKMARK [1][-]{section.27.11}{Note\040e\040dimostrazioni}{chapter.27}% 360
\BOOKMARK [2][-]{subsection.27.11.1}{Definizione}{section.27.11}% 361
\BOOKMARK [2][-]{subsection.27.11.2}{Regole\040di\040derivazione}{section.27.11}% 362
\BOOKMARK [2][-]{subsection.27.11.3}{Teoremi}{section.27.11}% 363
\BOOKMARK [2][-]{subsection.27.11.4}{Derivate\040fondamentali}{section.27.11}% 364
\BOOKMARK [2][-]{subsection.27.11.5}{Derivate\040di\040ordine\040superiore}{section.27.11}% 365
\BOOKMARK [2][-]{subsection.27.11.6}{Serie\040di\040Taylor\040e\040MacLaurin}{section.27.11}% 366
\BOOKMARK [0][-]{chapter.28}{Integrali}{part.6}% 367
\BOOKMARK [1][-]{section.28.1}{Definizioni}{chapter.28}% 368
\BOOKMARK [2][-]{subsection.28.1.1}{Interpretazione\040geometrica}{section.28.1}% 369
\BOOKMARK [2][-]{subsection.28.1.2}{Integrale\040definito}{section.28.1}% 370
\BOOKMARK [3][-]{subsubsection*.174}{Proprietà dell’integrale definito}{subsection.28.1.2}% 371
\BOOKMARK [2][-]{subsection.28.1.3}{Integrale\040indefinito}{section.28.1}% 372
\BOOKMARK [1][-]{section.28.2}{Teoremi}{chapter.28}% 373
\BOOKMARK [2][-]{subsection.28.2.1}{Teorema\040della\040media}{section.28.2}% 374
\BOOKMARK [2][-]{subsection.28.2.2}{Teorema\040fondamentale\040del\040calcolo\040infinitesimale}{section.28.2}% 375
\BOOKMARK [2][-]{subsection.28.2.3}{Derivata\040su\040dominio\040dipendente\040dalla\040variabile\040indipendente}{section.28.2}% 376
\BOOKMARK [1][-]{section.28.3}{Integrali\040fondamentali}{chapter.28}% 377
\BOOKMARK [1][-]{section.28.4}{Integrali\040impropri}{chapter.28}% 378
\BOOKMARK [2][-]{subsection.28.4.1}{Condizioni di integrabilità}{section.28.4}% 379
\BOOKMARK [2][-]{subsection.28.4.2}{Valore\040principale\040di\040Cauchy}{section.28.4}% 380
\BOOKMARK [1][-]{section.28.5}{Regole\040di\040integrazione}{chapter.28}% 381
\BOOKMARK [2][-]{subsection.28.5.1}{Integrazione\040per\040parti}{section.28.5}% 382
\BOOKMARK [2][-]{subsection.28.5.2}{Integrazione\040con\040sostituzione}{section.28.5}% 383
\BOOKMARK [3][-]{subsubsection*.175}{Sostituzioni\040utili}{subsection.28.5.2}% 384
\BOOKMARK [2][-]{subsection.28.5.3}{Frazioni\040parziali}{section.28.5}% 385
\BOOKMARK [1][-]{section.28.6}{Applicazioni}{chapter.28}% 386
\BOOKMARK [2][-]{subsection.28.6.1}{Studio\040di\040funzione}{section.28.6}% 387
\BOOKMARK [1][-]{section.28.7}{Tavola degli integrali indefiniti più comuni}{chapter.28}% 388
\BOOKMARK [1][-]{section.28.8}{Problemi}{chapter.28}% 389
\BOOKMARK [2][-]{subsection.28.8.1}{Calcolo\040integrali\040indefiniti}{section.28.8}% 390
\BOOKMARK [2][-]{subsection.28.8.2}{Integrali\040definiti}{section.28.8}% 391
\BOOKMARK [3][-]{subsubsection*.179}{Integrali\040impropri}{subsection.28.8.2}% 392
\BOOKMARK [2][-]{subsection.28.8.3}{Problemi\040di\040geometria}{section.28.8}% 393
\BOOKMARK [3][-]{subsubsection*.182}{Area\040di\040superfici\040e\040lunghezza\040di\040curve}{subsection.28.8.3}% 394
\BOOKMARK [3][-]{subsubsection*.186}{Volumi\040e\040superficie\040di\040solidi\040di\040rotazione}{subsection.28.8.3}% 395
\BOOKMARK [0][-]{chapter.29}{Equazioni\040differenziali\040ordinarie}{part.6}% 396
\BOOKMARK [1][-]{section.29.1}{Prime\040definizioni}{chapter.29}% 397
\BOOKMARK [1][-]{section.29.2}{Classificazione,\040esempi\040e\040tecniche\040risolutive}{chapter.29}% 398
\BOOKMARK [2][-]{subsection.29.2.1}{Equazioni\040lineari\040a\040coefficienti\040costanti}{section.29.2}% 399
\BOOKMARK [3][-]{subsubsection*.195}{Definizione}{subsection.29.2.1}% 400
\BOOKMARK [3][-]{subsubsection*.196}{Esempi}{subsection.29.2.1}% 401
\BOOKMARK [3][-]{subsubsection*.197}{Soluzione\040generale}{subsection.29.2.1}% 402
\BOOKMARK [4][-]{paragraph*.198}{Soluzione dell’equazione omogenea}{subsubsection*.197}% 403
\BOOKMARK [4][-]{paragraph*.199}{Soluzione particolare dell’equazione completa}{subsubsection*.197}% 404
\BOOKMARK [3][-]{subsubsection*.200}{Soluzione\040degli\040esempi}{subsection.29.2.1}% 405
\BOOKMARK [2][-]{subsection.29.2.2}{Equazioni\040differenziali\040a\040variabili\040separabili:\040tecnica\040di\040soluzione\040di\040separazione\040delle\040variabili}{section.29.2}% 406
\BOOKMARK [3][-]{subsubsection*.201}{Esempi}{subsection.29.2.2}% 407
\BOOKMARK [1][-]{section.29.3}{Sistemi\040lineari\040tempo\040invarianti\040\(LTI\)}{chapter.29}% 408
\BOOKMARK [2][-]{subsection.29.3.1}{Risposta\040in\040frequenza\040di\040sistemi\040del\040primo\040e\040del\040secondo\040ordine}{section.29.3}% 409
\BOOKMARK [3][-]{subsubsection*.202}{Sistemi\040del\040primo\040ordine}{subsection.29.3.1}% 410
\BOOKMARK [3][-]{subsubsection*.203}{Sistemi\040del\040secondo\040ordine}{subsection.29.3.1}% 411
\BOOKMARK [1][-]{section.29.4}{Introduzione\040ai\040sistemi\040di\040controllo}{chapter.29}% 412
\BOOKMARK [2][-]{subsection.29.4.1}{Strategie\040di\040regolazione}{section.29.4}% 413
\BOOKMARK [3][-]{subsubsection*.204}{Regolatore\040PD}{subsection.29.4.1}% 414
\BOOKMARK [3][-]{subsubsection*.205}{Regolatore\040PI}{subsection.29.4.1}% 415
\BOOKMARK [2][-]{subsection.29.4.2}{Esempi}{section.29.4}% 416
\BOOKMARK [3][-]{subsubsection*.206}{Sistema\040del\040primo\040ordine}{subsection.29.4.2}% 417
\BOOKMARK [3][-]{subsubsection*.207}{Sistema\040del\040secondo\040ordine}{subsection.29.4.2}% 418
\BOOKMARK [0][-]{chapter.30}{Introduzione\040al\040calcolo\040multi-variabile}{part.6}% 419
\BOOKMARK [1][-]{section.30.1}{Limite di una funzione di più variabili}{chapter.30}% 420
\BOOKMARK [2][-]{subsection.30.1.1}{Funzioni\040continue}{section.30.1}% 421
\BOOKMARK [3][-]{subsubsection*.208}{Definizione}{subsection.30.1.1}% 422
\BOOKMARK [3][-]{subsubsection*.209}{Discontinuità}{subsection.30.1.1}% 423
\BOOKMARK [1][-]{section.30.2}{Derivate di funzioni di più variabili}{chapter.30}% 424
\BOOKMARK [2][-]{subsection.30.2.1}{Derivate\040parziali}{section.30.2}% 425
\BOOKMARK [2][-]{subsection.30.2.2}{Incremento\040di\040una\040funzione}{section.30.2}% 426
\BOOKMARK [2][-]{subsection.30.2.3}{Differenziale}{section.30.2}% 427
\BOOKMARK [1][-]{section.30.3}{Integrali\040su\040domini\040multi-dimensionali}{chapter.30}% 428
\BOOKMARK [2][-]{subsection.30.3.1}{Definizioni}{section.30.3}% 429
\BOOKMARK [3][-]{subsubsection*.210}{Interpretazione\040geometrica}{subsection.30.3.1}% 430
\BOOKMARK [3][-]{subsubsection*.211}{Proprietà dell’integrale definito}{subsection.30.3.1}% 431
\BOOKMARK [2][-]{subsection.30.3.2}{Regole\040di\040integrazione}{section.30.3}% 432
\BOOKMARK [2][-]{subsection.30.3.3}{Teoremi}{section.30.3}% 433
\BOOKMARK [2][-]{subsection.30.3.4}{Esempi}{section.30.3}% 434
\BOOKMARK [3][-]{subsubsection*.212}{Integrale  ∫x = ∞+∞ e-x2  dx = π}{subsection.30.3.4}% 435
\BOOKMARK [0][-]{chapter.31}{Introduzione\040al\040calcolo\040vettoriale\040su\040spazi\040euclidei}{part.6}% 436
\BOOKMARK [1][-]{section.31.1}{Cenni\040di\040geometria\040differenziale}{chapter.31}% 437
\BOOKMARK [2][-]{subsection.31.1.1}{Parametrizzazione\040dello\040spazio}{section.31.1}% 438
\BOOKMARK [3][-]{subsubsection*.215}{Base\040naturale}{subsection.31.1.1}% 439
\BOOKMARK [3][-]{subsubsection*.216}{Curve\040coordinate}{subsection.31.1.1}% 440
\BOOKMARK [3][-]{subsubsection*.217}{Superfici\040coordinate}{subsection.31.1.1}% 441
\BOOKMARK [2][-]{subsection.31.1.2}{Curve\040nello\040spazio}{section.31.1}% 442
\BOOKMARK [3][-]{subsubsection*.218}{Elemento\040di\040curva}{subsection.31.1.2}% 443
\BOOKMARK [2][-]{subsection.31.1.3}{Superfici\040nello\040spazio}{section.31.1}% 444
\BOOKMARK [3][-]{subsubsection*.219}{Elemento\040di\040superficie}{subsection.31.1.3}% 445
\BOOKMARK [2][-]{subsection.31.1.4}{Volumi\040nello\040spazio}{section.31.1}% 446
\BOOKMARK [3][-]{subsubsection*.220}{Elemento\040di\040volume}{subsection.31.1.4}% 447
\BOOKMARK [1][-]{section.31.2}{Integrali\040in\040spazi\040euclidei}{chapter.31}% 448
\BOOKMARK [2][-]{subsection.31.2.1}{Integrali\040di\040linea}{section.31.2}% 449
\BOOKMARK [3][-]{subsubsection*.221}{Densità}{subsection.31.2.1}% 450
\BOOKMARK [3][-]{subsubsection*.222}{Lavoro\040e\040circuitazione}{subsection.31.2.1}% 451
\BOOKMARK [4][-]{paragraph*.223}{Circuitazione}{subsubsection*.222}% 452
\BOOKMARK [4][-]{paragraph*.224}{Campi\040conservativi}{subsubsection*.222}% 453
\BOOKMARK [2][-]{subsection.31.2.2}{Integrali\040di\040superficie}{section.31.2}% 454
\BOOKMARK [3][-]{subsubsection*.225}{Densità}{subsection.31.2.2}% 455
\BOOKMARK [3][-]{subsubsection*.226}{Flusso\040di\040un\040campo\040vettoriale}{subsection.31.2.2}% 456
\BOOKMARK [2][-]{subsection.31.2.3}{Integrali\040di\040volume}{section.31.2}% 457
\BOOKMARK [1][-]{section.31.3}{Operatori\040differenziali\040in\040spazi\040euclidei}{chapter.31}% 458
\BOOKMARK [2][-]{subsection.31.3.1}{Derivata\040direzionale}{section.31.3}% 459
\BOOKMARK [2][-]{subsection.31.3.2}{Gradiente}{section.31.3}% 460
\BOOKMARK [2][-]{subsection.31.3.3}{Divergenza}{section.31.3}% 461
\BOOKMARK [2][-]{subsection.31.3.4}{Rotore}{section.31.3}% 462
\BOOKMARK [2][-]{subsection.31.3.5}{Laplaciano}{section.31.3}% 463
\BOOKMARK [1][-]{section.31.4}{Teorema\040di\040Stokes}{chapter.31}% 464
\BOOKMARK [2][-]{subsection.31.4.1}{Teorema\040del\040gradiente}{section.31.4}% 465
\BOOKMARK [2][-]{subsection.31.4.2}{Teorema\040della\040divergenza}{section.31.4}% 466
\BOOKMARK [2][-]{subsection.31.4.3}{Teorema\040del\040rotore}{section.31.4}% 467
\BOOKMARK [1][-]{section.31.5}{Problemi}{chapter.31}% 468
\BOOKMARK [2][-]{subsection.31.5.1}{Operatori\040differenziali}{section.31.5}% 469
\BOOKMARK [2][-]{subsection.31.5.2}{Integrali}{section.31.5}% 470
\BOOKMARK [3][-]{subsubsection*.227}{Geometria}{subsection.31.5.2}% 471
\BOOKMARK [3][-]{subsubsection*.232}{Fisica}{subsection.31.5.2}% 472
\BOOKMARK [-1][-]{part.7}{VII\040Statistica}{}% 473
\BOOKMARK [0][-]{chapter.32}{Introduzione\040alla\040statistica}{part.7}% 474
\BOOKMARK [1][-]{section.32.1}{Calcolo\040combinatorio}{chapter.32}% 475
\BOOKMARK [2][-]{subsection.32.1.1}{Permutazioni}{section.32.1}% 476
\BOOKMARK [3][-]{subsubsection*.235}{Permutazioni\040semplici}{subsection.32.1.1}% 477
\BOOKMARK [3][-]{subsubsection*.236}{Permutazioni\040con\040ripetizioni}{subsection.32.1.1}% 478
\BOOKMARK [2][-]{subsection.32.1.2}{Disposizioni}{section.32.1}% 479
\BOOKMARK [3][-]{subsubsection*.237}{Disposizioni\040semplici}{subsection.32.1.2}% 480
\BOOKMARK [3][-]{subsubsection*.238}{Disposizioni\040con\040ripetizioni}{subsection.32.1.2}% 481
\BOOKMARK [2][-]{subsection.32.1.3}{Combinazioni}{section.32.1}% 482
\BOOKMARK [3][-]{subsubsection*.239}{Combinazioni\040semplici}{subsection.32.1.3}% 483
\BOOKMARK [3][-]{subsubsection*.240}{Combinazioni\040con\040ripetizioni}{subsection.32.1.3}% 484
\BOOKMARK [-1][-]{part.8}{VIII\040Indice}{}% 485
\BOOKMARK [0][-]{chapter.33}{Persone}{part.8}% 486
\BOOKMARK [0][-]{chapter.34}{Indice}{part.8}% 487
\BOOKMARK [0][-]{chapter*.241}{Bibliografia}{part.8}% 488
\BOOKMARK [0][-]{section*.242}{Proof\040Index}{part.8}% 489
